Traceback (most recent call last):
  File "/opt/hostedtoolcache/Python/3.7.12/x64/lib/python3.7/site-packages/jupyter_cache/executors/utils.py", line 56, in single_nb_execution
    record_timing=False,
  File "/opt/hostedtoolcache/Python/3.7.12/x64/lib/python3.7/site-packages/nbclient/client.py", line 1117, in execute
    return NotebookClient(nb=nb, resources=resources, km=km, **kwargs).execute()
  File "/opt/hostedtoolcache/Python/3.7.12/x64/lib/python3.7/site-packages/nbclient/util.py", line 78, in wrapped
    return just_run(coro(*args, **kwargs))
  File "/opt/hostedtoolcache/Python/3.7.12/x64/lib/python3.7/site-packages/nbclient/util.py", line 57, in just_run
    return loop.run_until_complete(coro)
  File "/opt/hostedtoolcache/Python/3.7.12/x64/lib/python3.7/asyncio/base_events.py", line 587, in run_until_complete
    return future.result()
  File "/opt/hostedtoolcache/Python/3.7.12/x64/lib/python3.7/site-packages/nbclient/client.py", line 559, in async_execute
    cell, index, execution_count=self.code_cells_executed + 1
  File "/opt/hostedtoolcache/Python/3.7.12/x64/lib/python3.7/site-packages/nbclient/client.py", line 862, in async_execute_cell
    self._check_raise_for_error(cell, exec_reply)
  File "/opt/hostedtoolcache/Python/3.7.12/x64/lib/python3.7/site-packages/nbclient/client.py", line 765, in _check_raise_for_error
    raise CellExecutionError.from_cell_and_msg(cell, exec_reply_content)
nbclient.exceptions.CellExecutionError: An error occurred while executing the following cell:
------------------
# Musterlösung

zeckenstiche_buffer_gdf = gpd.GeoDataFrame(geometry = zeckenstiche_buffer, crs = 2056)

zeckenstiche_envelope_gdf = gpd.GeoDataFrame(geometry = gpd.GeoSeries(zeckenstiche_envelope), crs = 2056)

my_union = gpd.overlay(zeckenstiche_envelope_gdf, zeckenstiche_buffer_gdf, how = "union")

my_symmdiff = gpd.overlay(zeckenstiche_envelope_gdf, zeckenstiche_buffer_gdf, how = "symmetric_difference")

------------------

[0;31m---------------------------------------------------------------------------[0m
[0;31mIntCastingNaNError[0m                        Traceback (most recent call last)
[0;32m/tmp/ipykernel_1984/3920510690.py[0m in [0;36m<module>[0;34m[0m
[1;32m      5[0m [0mzeckenstiche_envelope_gdf[0m [0;34m=[0m [0mgpd[0m[0;34m.[0m[0mGeoDataFrame[0m[0;34m([0m[0mgeometry[0m [0;34m=[0m [0mgpd[0m[0;34m.[0m[0mGeoSeries[0m[0;34m([0m[0mzeckenstiche_envelope[0m[0;34m)[0m[0;34m,[0m [0mcrs[0m [0;34m=[0m [0;36m2056[0m[0;34m)[0m[0;34m[0m[0;34m[0m[0m
[1;32m      6[0m [0;34m[0m[0m
[0;32m----> 7[0;31m [0mmy_union[0m [0;34m=[0m [0mgpd[0m[0;34m.[0m[0moverlay[0m[0;34m([0m[0mzeckenstiche_envelope_gdf[0m[0;34m,[0m [0mzeckenstiche_buffer_gdf[0m[0;34m,[0m [0mhow[0m [0;34m=[0m [0;34m"union"[0m[0;34m)[0m[0;34m[0m[0;34m[0m[0m
[0m[1;32m      8[0m [0;34m[0m[0m
[1;32m      9[0m [0mmy_symmdiff[0m [0;34m=[0m [0mgpd[0m[0;34m.[0m[0moverlay[0m[0;34m([0m[0mzeckenstiche_envelope_gdf[0m[0;34m,[0m [0mzeckenstiche_buffer_gdf[0m[0;34m,[0m [0mhow[0m [0;34m=[0m [0;34m"symmetric_difference"[0m[0;34m)[0m[0;34m[0m[0;34m[0m[0m

[0;32m/opt/hostedtoolcache/Python/3.7.12/x64/lib/python3.7/site-packages/geopandas/tools/overlay.py[0m in [0;36moverlay[0;34m(df1, df2, how, keep_geom_type, make_valid)[0m
[1;32m    294[0m             [0mresult[0m [0;34m=[0m [0m_overlay_symmetric_diff[0m[0;34m([0m[0mdf1[0m[0;34m,[0m [0mdf2[0m[0;34m)[0m[0;34m[0m[0;34m[0m[0m
[1;32m    295[0m         [0;32melif[0m [0mhow[0m [0;34m==[0m [0;34m"union"[0m[0;34m:[0m[0;34m[0m[0;34m[0m[0m
[0;32m--> 296[0;31m             [0mresult[0m [0;34m=[0m [0m_overlay_union[0m[0;34m([0m[0mdf1[0m[0;34m,[0m [0mdf2[0m[0;34m)[0m[0;34m[0m[0;34m[0m[0m
[0m[1;32m    297[0m         [0;32melif[0m [0mhow[0m [0;34m==[0m [0;34m"identity"[0m[0;34m:[0m[0;34m[0m[0;34m[0m[0m
[1;32m    298[0m             [0mdfunion[0m [0;34m=[0m [0m_overlay_union[0m[0;34m([0m[0mdf1[0m[0;34m,[0m [0mdf2[0m[0;34m)[0m[0;34m[0m[0;34m[0m[0m

[0;32m/opt/hostedtoolcache/Python/3.7.12/x64/lib/python3.7/site-packages/geopandas/tools/overlay.py[0m in [0;36m_overlay_union[0;34m(df1, df2)[0m
[1;32m    129[0m     """
[1;32m    130[0m     [0mdfinter[0m [0;34m=[0m [0m_overlay_intersection[0m[0;34m([0m[0mdf1[0m[0;34m,[0m [0mdf2[0m[0;34m)[0m[0;34m[0m[0;34m[0m[0m
[0;32m--> 131[0;31m     [0mdfsym[0m [0;34m=[0m [0m_overlay_symmetric_diff[0m[0;34m([0m[0mdf1[0m[0;34m,[0m [0mdf2[0m[0;34m)[0m[0;34m[0m[0;34m[0m[0m
[0m[1;32m    132[0m     [0mdfunion[0m [0;34m=[0m [0mpd[0m[0;34m.[0m[0mconcat[0m[0;34m([0m[0;34m[[0m[0mdfinter[0m[0;34m,[0m [0mdfsym[0m[0;34m][0m[0;34m,[0m [0mignore_index[0m[0;34m=[0m[0;32mTrue[0m[0;34m,[0m [0msort[0m[0;34m=[0m[0;32mFalse[0m[0;34m)[0m[0;34m[0m[0;34m[0m[0m
[1;32m    133[0m     [0;31m# keep geometry column last[0m[0;34m[0m[0;34m[0m[0;34m[0m[0m

[0;32m/opt/hostedtoolcache/Python/3.7.12/x64/lib/python3.7/site-packages/geopandas/tools/overlay.py[0m in [0;36m_overlay_symmetric_diff[0;34m(df1, df2)[0m
[1;32m    110[0m     [0;31m# combine both 'difference' dataframes[0m[0;34m[0m[0;34m[0m[0;34m[0m[0m
[1;32m    111[0m     dfsym = dfdiff1.merge(
[0;32m--> 112[0;31m         [0mdfdiff2[0m[0;34m,[0m [0mon[0m[0;34m=[0m[0;34m[[0m[0;34m"__idx1"[0m[0;34m,[0m [0;34m"__idx2"[0m[0;34m][0m[0;34m,[0m [0mhow[0m[0;34m=[0m[0;34m"outer"[0m[0;34m,[0m [0msuffixes[0m[0;34m=[0m[0;34m([0m[0;34m"_1"[0m[0;34m,[0m [0;34m"_2"[0m[0;34m)[0m[0;34m[0m[0;34m[0m[0m
[0m[1;32m    113[0m     )
[1;32m    114[0m     [0mgeometry[0m [0;34m=[0m [0mdfsym[0m[0;34m.[0m[0mgeometry_1[0m[0;34m.[0m[0mcopy[0m[0;34m([0m[0;34m)[0m[0;34m[0m[0;34m[0m[0m

[0;32m/opt/hostedtoolcache/Python/3.7.12/x64/lib/python3.7/site-packages/geopandas/geodataframe.py[0m in [0;36mmerge[0;34m(self, *args, **kwargs)[0m
[1;32m   1347[0m [0;34m[0m[0m
[1;32m   1348[0m         """
[0;32m-> 1349[0;31m         [0mresult[0m [0;34m=[0m [0mDataFrame[0m[0;34m.[0m[0mmerge[0m[0;34m([0m[0mself[0m[0;34m,[0m [0;34m*[0m[0margs[0m[0;34m,[0m [0;34m**[0m[0mkwargs[0m[0;34m)[0m[0;34m[0m[0;34m[0m[0m
[0m[1;32m   1350[0m         [0mgeo_col[0m [0;34m=[0m [0mself[0m[0;34m.[0m[0m_geometry_column_name[0m[0;34m[0m[0;34m[0m[0m
[1;32m   1351[0m         [0;32mif[0m [0misinstance[0m[0;34m([0m[0mresult[0m[0;34m,[0m [0mDataFrame[0m[0;34m)[0m [0;32mand[0m [0mgeo_col[0m [0;32min[0m [0mresult[0m[0;34m:[0m[0;34m[0m[0;34m[0m[0m

[0;32m/opt/hostedtoolcache/Python/3.7.12/x64/lib/python3.7/site-packages/pandas/core/frame.py[0m in [0;36mmerge[0;34m(self, right, how, on, left_on, right_on, left_index, right_index, sort, suffixes, copy, indicator, validate)[0m
[1;32m   9202[0m             [0mcopy[0m[0;34m=[0m[0mcopy[0m[0;34m,[0m[0;34m[0m[0;34m[0m[0m
[1;32m   9203[0m             [0mindicator[0m[0;34m=[0m[0mindicator[0m[0;34m,[0m[0;34m[0m[0;34m[0m[0m
[0;32m-> 9204[0;31m             [0mvalidate[0m[0;34m=[0m[0mvalidate[0m[0;34m,[0m[0;34m[0m[0;34m[0m[0m
[0m[1;32m   9205[0m         )
[1;32m   9206[0m [0;34m[0m[0m

[0;32m/opt/hostedtoolcache/Python/3.7.12/x64/lib/python3.7/site-packages/pandas/core/reshape/merge.py[0m in [0;36mmerge[0;34m(left, right, how, on, left_on, right_on, left_index, right_index, sort, suffixes, copy, indicator, validate)[0m
[1;32m    118[0m         [0mvalidate[0m[0;34m=[0m[0mvalidate[0m[0;34m,[0m[0;34m[0m[0;34m[0m[0m
[1;32m    119[0m     )
[0;32m--> 120[0;31m     [0;32mreturn[0m [0mop[0m[0;34m.[0m[0mget_result[0m[0;34m([0m[0;34m)[0m[0;34m[0m[0;34m[0m[0m
[0m[1;32m    121[0m [0;34m[0m[0m
[1;32m    122[0m [0;34m[0m[0m

[0;32m/opt/hostedtoolcache/Python/3.7.12/x64/lib/python3.7/site-packages/pandas/core/reshape/merge.py[0m in [0;36mget_result[0;34m(self)[0m
[1;32m    734[0m             [0mresult[0m [0;34m=[0m [0mself[0m[0;34m.[0m[0m_indicator_post_merge[0m[0;34m([0m[0mresult[0m[0;34m)[0m[0;34m[0m[0;34m[0m[0m
[1;32m    735[0m [0;34m[0m[0m
[0;32m--> 736[0;31m         [0mself[0m[0;34m.[0m[0m_maybe_add_join_keys[0m[0;34m([0m[0mresult[0m[0;34m,[0m [0mleft_indexer[0m[0;34m,[0m [0mright_indexer[0m[0;34m)[0m[0;34m[0m[0;34m[0m[0m
[0m[1;32m    737[0m [0;34m[0m[0m
[1;32m    738[0m         [0mself[0m[0;34m.[0m[0m_maybe_restore_index_levels[0m[0;34m([0m[0mresult[0m[0;34m)[0m[0;34m[0m[0;34m[0m[0m

[0;32m/opt/hostedtoolcache/Python/3.7.12/x64/lib/python3.7/site-packages/pandas/core/reshape/merge.py[0m in [0;36m_maybe_add_join_keys[0;34m(self, result, left_indexer, right_indexer)[0m
[1;32m    916[0m                 [0;32mif[0m [0mresult[0m[0;34m.[0m[0m_is_label_reference[0m[0;34m([0m[0mname[0m[0;34m)[0m[0;34m:[0m[0;34m[0m[0;34m[0m[0m
[1;32m    917[0m                     result[name] = Series(
[0;32m--> 918[0;31m                         [0mkey_col[0m[0;34m,[0m [0mdtype[0m[0;34m=[0m[0mresult_dtype[0m[0;34m,[0m [0mindex[0m[0;34m=[0m[0mresult[0m[0;34m.[0m[0mindex[0m[0;34m[0m[0;34m[0m[0m
[0m[1;32m    919[0m                     )
[1;32m    920[0m                 [0;32melif[0m [0mresult[0m[0;34m.[0m[0m_is_level_reference[0m[0;34m([0m[0mname[0m[0;34m)[0m[0;34m:[0m[0;34m[0m[0;34m[0m[0m

[0;32m/opt/hostedtoolcache/Python/3.7.12/x64/lib/python3.7/site-packages/pandas/core/series.py[0m in [0;36m__init__[0;34m(self, data, index, dtype, name, copy, fastpath)[0m
[1;32m    381[0m                 [0;32mif[0m [0mdtype[0m [0;32mis[0m [0;32mnot[0m [0;32mNone[0m[0;34m:[0m[0;34m[0m[0;34m[0m[0m
[1;32m    382[0m                     [0;31m# astype copies[0m[0;34m[0m[0;34m[0m[0;34m[0m[0m
[0;32m--> 383[0;31m                     [0mdata[0m [0;34m=[0m [0mdata[0m[0;34m.[0m[0mastype[0m[0;34m([0m[0mdtype[0m[0;34m)[0m[0;34m[0m[0;34m[0m[0m
[0m[1;32m    384[0m                 [0;32melse[0m[0;34m:[0m[0;34m[0m[0;34m[0m[0m
[1;32m    385[0m                     [0;31m# GH#24096 we need to ensure the index remains immutable[0m[0;34m[0m[0;34m[0m[0;34m[0m[0m

[0;32m/opt/hostedtoolcache/Python/3.7.12/x64/lib/python3.7/site-packages/pandas/core/indexes/numeric.py[0m in [0;36mastype[0;34m(self, dtype, copy)[0m
[1;32m    221[0m                 [0;31m# TODO(jreback); this can change once we have an EA Index type[0m[0;34m[0m[0;34m[0m[0;34m[0m[0m
[1;32m    222[0m                 [0;31m# GH 13149[0m[0;34m[0m[0;34m[0m[0;34m[0m[0m
[0;32m--> 223[0;31m                 [0marr[0m [0;34m=[0m [0mastype_nansafe[0m[0;34m([0m[0mself[0m[0;34m.[0m[0m_values[0m[0;34m,[0m [0mdtype[0m[0;34m=[0m[0mdtype[0m[0;34m)[0m[0;34m[0m[0;34m[0m[0m
[0m[1;32m    224[0m                 [0;32mreturn[0m [0mInt64Index[0m[0;34m([0m[0marr[0m[0;34m,[0m [0mname[0m[0;34m=[0m[0mself[0m[0;34m.[0m[0mname[0m[0;34m)[0m[0;34m[0m[0;34m[0m[0m
[1;32m    225[0m [0;34m[0m[0m

[0;32m/opt/hostedtoolcache/Python/3.7.12/x64/lib/python3.7/site-packages/pandas/core/dtypes/cast.py[0m in [0;36mastype_nansafe[0;34m(arr, dtype, copy, skipna)[0m
[1;32m   1166[0m [0;34m[0m[0m
[1;32m   1167[0m     [0;32melif[0m [0mnp[0m[0;34m.[0m[0missubdtype[0m[0;34m([0m[0marr[0m[0;34m.[0m[0mdtype[0m[0;34m,[0m [0mnp[0m[0;34m.[0m[0mfloating[0m[0;34m)[0m [0;32mand[0m [0mnp[0m[0;34m.[0m[0missubdtype[0m[0;34m([0m[0mdtype[0m[0;34m,[0m [0mnp[0m[0;34m.[0m[0minteger[0m[0;34m)[0m[0;34m:[0m[0;34m[0m[0;34m[0m[0m
[0;32m-> 1168[0;31m         [0;32mreturn[0m [0mastype_float_to_int_nansafe[0m[0;34m([0m[0marr[0m[0;34m,[0m [0mdtype[0m[0;34m,[0m [0mcopy[0m[0;34m)[0m[0;34m[0m[0;34m[0m[0m
[0m[1;32m   1169[0m [0;34m[0m[0m
[1;32m   1170[0m     [0;32melif[0m [0mis_object_dtype[0m[0;34m([0m[0marr[0m[0;34m)[0m[0;34m:[0m[0;34m[0m[0;34m[0m[0m

[0;32m/opt/hostedtoolcache/Python/3.7.12/x64/lib/python3.7/site-packages/pandas/core/dtypes/cast.py[0m in [0;36mastype_float_to_int_nansafe[0;34m(values, dtype, copy)[0m
[1;32m   1212[0m     [0;32mif[0m [0;32mnot[0m [0mnp[0m[0;34m.[0m[0misfinite[0m[0;34m([0m[0mvalues[0m[0;34m)[0m[0;34m.[0m[0mall[0m[0;34m([0m[0;34m)[0m[0;34m:[0m[0;34m[0m[0;34m[0m[0m
[1;32m   1213[0m         raise IntCastingNaNError(
[0;32m-> 1214[0;31m             [0;34m"Cannot convert non-finite values (NA or inf) to integer"[0m[0;34m[0m[0;34m[0m[0m
[0m[1;32m   1215[0m         )
[1;32m   1216[0m     [0;32mreturn[0m [0mvalues[0m[0;34m.[0m[0mastype[0m[0;34m([0m[0mdtype[0m[0;34m,[0m [0mcopy[0m[0;34m=[0m[0mcopy[0m[0;34m)[0m[0;34m[0m[0;34m[0m[0m

[0;31mIntCastingNaNError[0m: Cannot convert non-finite values (NA or inf) to integer
IntCastingNaNError: Cannot convert non-finite values (NA or inf) to integer

